  character.cpp
C:\Users\user\OneDrive\273 project\startingproject\startingproject\character.h(21,6): error C2365: 'character::level': redefinition; previous definition was 'member function'
C:\Users\user\OneDrive\273 project\startingproject\startingproject\character.h(12,6): message : see declaration of 'character::level'
C:\Users\user\OneDrive\273 project\startingproject\startingproject\character.h(24,9): error C2365: 'character::maxhealth': redefinition; previous definition was 'member function'
C:\Users\user\OneDrive\273 project\startingproject\startingproject\character.h(16,9): message : see declaration of 'character::maxhealth'
C:\Users\user\OneDrive\273 project\startingproject\startingproject\character.cpp(6,8): error C2659: '=': function as left operand
C:\Users\user\OneDrive\273 project\startingproject\startingproject\character.cpp(9,12): error C2659: '=': function as left operand
C:\Users\user\OneDrive\273 project\startingproject\startingproject\character.cpp(26,14): error C3867: 'character::level': non-standard syntax; use '&' to create a pointer to member
C:\Users\user\OneDrive\273 project\startingproject\startingproject\character.cpp(26,9): error C2440: 'return': cannot convert from 'int (__cdecl character::* )(void)' to 'int'
C:\Users\user\OneDrive\273 project\startingproject\startingproject\character.cpp(26,9): message : There is no context in which this conversion is possible
  game.cpp
C:\Users\user\OneDrive\273 project\startingproject\startingproject\character.h(21,6): error C2365: 'character::level': redefinition; previous definition was 'member function'
C:\Users\user\OneDrive\273 project\startingproject\startingproject\character.h(12,6): message : see declaration of 'character::level'
C:\Users\user\OneDrive\273 project\startingproject\startingproject\character.h(24,9): error C2365: 'character::maxhealth': redefinition; previous definition was 'member function'
C:\Users\user\OneDrive\273 project\startingproject\startingproject\character.h(16,9): message : see declaration of 'character::maxhealth'
  main.cpp
C:\Users\user\OneDrive\273 project\startingproject\startingproject\character.h(21,6): error C2365: 'character::level': redefinition; previous definition was 'member function'
C:\Users\user\OneDrive\273 project\startingproject\startingproject\character.h(12,6): message : see declaration of 'character::level'
C:\Users\user\OneDrive\273 project\startingproject\startingproject\character.h(24,9): error C2365: 'character::maxhealth': redefinition; previous definition was 'member function'
C:\Users\user\OneDrive\273 project\startingproject\startingproject\character.h(16,9): message : see declaration of 'character::maxhealth'
  Generating Code...
